This is XeTeX, Version 3.141592653-2.6-0.999996 (TeX Live 2024) (preloaded format=xelatex 2025.2.27)  23 NOV 2025 23:21
entering extended mode
 \write18 enabled.
 %&-line parsing enabled.
**实验一.tex
(./实验一.tex
LaTeX2e <2023-11-01> patch level 1
L3 programming layer <2024-02-20>
(d:/texlive/2024/texmf-dist/tex/latex/base/article.cls
Document Class: article 2023/05/17 v1.4n Standard LaTeX document class
(d:/texlive/2024/texmf-dist/tex/latex/base/size12.clo
File: size12.clo 2023/05/17 v1.4n Standard LaTeX file (size option)
)
\c@part=\count184
\c@section=\count185
\c@subsection=\count186
\c@subsubsection=\count187
\c@paragraph=\count188
\c@subparagraph=\count189
\c@figure=\count190
\c@table=\count191
\abovecaptionskip=\skip48
\belowcaptionskip=\skip49
\bibindent=\dimen140
)
(d:/texlive/2024/texmf-dist/tex/latex/ctex/ctex.sty
(d:/texlive/2024/texmf-dist/tex/latex/l3kernel/expl3.sty
Package: expl3 2024-02-20 L3 programming layer (loader) 

(d:/texlive/2024/texmf-dist/tex/latex/l3backend/l3backend-xetex.def
File: l3backend-xetex.def 2024-02-20 L3 backend support: XeTeX
\g__graphics_track_int=\count192
\l__pdf_internal_box=\box51
\g__pdf_backend_object_int=\count193
\g__pdf_backend_annotation_int=\count194
\g__pdf_backend_link_int=\count195
))
Package: ctex 2022/07/14 v2.5.10 Chinese adapter in LaTeX (CTEX)

(d:/texlive/2024/texmf-dist/tex/latex/ctex/ctexhook.sty
Package: ctexhook 2022/07/14 v2.5.10 Document and package hooks (CTEX)
)
(d:/texlive/2024/texmf-dist/tex/latex/ctex/ctexpatch.sty
Package: ctexpatch 2022/07/14 v2.5.10 Patching commands (CTEX)
)
(d:/texlive/2024/texmf-dist/tex/latex/base/fix-cm.sty
Package: fix-cm 2020/11/24 v1.1t fixes to LaTeX

(d:/texlive/2024/texmf-dist/tex/latex/base/ts1enc.def
File: ts1enc.def 2001/06/05 v3.0e (jk/car/fm) Standard LaTeX file
LaTeX Font Info:    Redeclaring font encoding TS1 on input line 47.
))
\l__ctex_tmp_int=\count196
\l__ctex_tmp_box=\box52
\l__ctex_tmp_dim=\dimen141
\g__ctex_section_depth_int=\count197
\g__ctex_font_size_int=\count198

(d:/texlive/2024/texmf-dist/tex/latex/ctex/config/ctexopts.cfg
File: ctexopts.cfg 2022/07/14 v2.5.10 Option configuration file (CTEX)
)
(d:/texlive/2024/texmf-dist/tex/latex/ctex/engine/ctex-engine-xetex.def
File: ctex-engine-xetex.def 2022/07/14 v2.5.10 XeLaTeX adapter (CTEX)

(d:/texlive/2024/texmf-dist/tex/xelatex/xecjk/xeCJK.sty
Package: xeCJK 2022/08/05 v3.9.1 Typesetting CJK scripts with XeLaTeX

(d:/texlive/2024/texmf-dist/tex/latex/l3packages/xtemplate/xtemplate.sty
(d:/texlive/2024/texmf-dist/tex/latex/l3packages/xtemplate/xtemplate-2023-10-10
.sty
Package: xtemplate 2023-10-10 L3 Experimental prototype document functions
\l__xtemplate_tmp_dim=\dimen142
\l__xtemplate_tmp_int=\count199
\l__xtemplate_tmp_muskip=\muskip16
\l__xtemplate_tmp_skip=\skip50
))
\l__xeCJK_tmp_int=\count266
\l__xeCJK_tmp_box=\box53
\l__xeCJK_tmp_dim=\dimen143
\l__xeCJK_tmp_skip=\skip51
\g__xeCJK_space_factor_int=\count267
\l__xeCJK_begin_int=\count268
\l__xeCJK_end_int=\count269
\c__xeCJK_CJK_class_int=\XeTeXcharclass1
\c__xeCJK_FullLeft_class_int=\XeTeXcharclass2
\c__xeCJK_FullRight_class_int=\XeTeXcharclass3
\c__xeCJK_HalfLeft_class_int=\XeTeXcharclass4
\c__xeCJK_HalfRight_class_int=\XeTeXcharclass5
\c__xeCJK_NormalSpace_class_int=\XeTeXcharclass6
\c__xeCJK_CM_class_int=\XeTeXcharclass7
\c__xeCJK_HangulJamo_class_int=\XeTeXcharclass8
\l__xeCJK_last_skip=\skip52
\c__xeCJK_none_node=\count270
\g__xeCJK_node_int=\count271
\c__xeCJK_CJK_node_dim=\dimen144
\c__xeCJK_CJK-space_node_dim=\dimen145
\c__xeCJK_default_node_dim=\dimen146
\c__xeCJK_CJK-widow_node_dim=\dimen147
\c__xeCJK_normalspace_node_dim=\dimen148
\c__xeCJK_default-space_node_skip=\skip53
\l__xeCJK_ccglue_skip=\skip54
\l__xeCJK_ecglue_skip=\skip55
\l__xeCJK_punct_kern_skip=\skip56
\l__xeCJK_indent_box=\box54
\l__xeCJK_last_penalty_int=\count272
\l__xeCJK_last_bound_dim=\dimen149
\l__xeCJK_last_kern_dim=\dimen150
\l__xeCJK_widow_penalty_int=\count273

Package xtemplate Info: Declaring object type 'xeCJK/punctuation' taking 0
(xtemplate)             argument(s) on line 2396.

\l__xeCJK_fixed_punct_width_dim=\dimen151
\l__xeCJK_mixed_punct_width_dim=\dimen152
\l__xeCJK_middle_punct_width_dim=\dimen153
\l__xeCJK_fixed_margin_width_dim=\dimen154
\l__xeCJK_mixed_margin_width_dim=\dimen155
\l__xeCJK_middle_margin_width_dim=\dimen156
\l__xeCJK_bound_punct_width_dim=\dimen157
\l__xeCJK_bound_margin_width_dim=\dimen158
\l__xeCJK_margin_minimum_dim=\dimen159
\l__xeCJK_kerning_total_width_dim=\dimen160
\l__xeCJK_same_align_margin_dim=\dimen161
\l__xeCJK_different_align_margin_dim=\dimen162
\l__xeCJK_kerning_margin_width_dim=\dimen163
\l__xeCJK_kerning_margin_minimum_dim=\dimen164
\l__xeCJK_bound_dim=\dimen165
\l__xeCJK_reverse_bound_dim=\dimen166
\l__xeCJK_margin_dim=\dimen167
\l__xeCJK_minimum_bound_dim=\dimen168
\l__xeCJK_kerning_margin_dim=\dimen169
\g__xeCJK_family_int=\count274
\l__xeCJK_fam_int=\count275
\g__xeCJK_fam_allocation_int=\count276
\l__xeCJK_verb_case_int=\count277
\l__xeCJK_verb_exspace_skip=\skip57
 (d:/texlive/2024/texmf-dist/tex/latex/fontspec/fontspec.sty
(d:/texlive/2024/texmf-dist/tex/latex/l3packages/xparse/xparse.sty
Package: xparse 2024-02-18 L3 Experimental document command parser
)
Package: fontspec 2024/02/13 v2.9a Font selection for XeLaTeX and LuaLaTeX

(d:/texlive/2024/texmf-dist/tex/latex/fontspec/fontspec-xetex.sty
Package: fontspec-xetex 2024/02/13 v2.9a Font selection for XeLaTeX and LuaLaTe
X
\l__fontspec_script_int=\count278
\l__fontspec_language_int=\count279
\l__fontspec_strnum_int=\count280
\l__fontspec_tmp_int=\count281
\l__fontspec_tmpa_int=\count282
\l__fontspec_tmpb_int=\count283
\l__fontspec_tmpc_int=\count284
\l__fontspec_em_int=\count285
\l__fontspec_emdef_int=\count286
\l__fontspec_strong_int=\count287
\l__fontspec_strongdef_int=\count288
\l__fontspec_tmpa_dim=\dimen170
\l__fontspec_tmpb_dim=\dimen171
\l__fontspec_tmpc_dim=\dimen172

(d:/texlive/2024/texmf-dist/tex/latex/base/fontenc.sty
Package: fontenc 2021/04/29 v2.0v Standard LaTeX package
)
(d:/texlive/2024/texmf-dist/tex/latex/fontspec/fontspec.cfg)))
(d:/texlive/2024/texmf-dist/tex/xelatex/xecjk/xeCJK.cfg
File: xeCJK.cfg 2022/08/05 v3.9.1 Configuration file for xeCJK package
))
\ccwd=\dimen173
\l__ctex_ccglue_skip=\skip58
)
\l__ctex_ziju_dim=\dimen174

(d:/texlive/2024/texmf-dist/tex/latex/zhnumber/zhnumber.sty
Package: zhnumber 2022/07/14 v3.0 Typesetting numbers with Chinese glyphs
\l__zhnum_scale_int=\count289
\l__zhnum_tmp_int=\count290

(d:/texlive/2024/texmf-dist/tex/latex/zhnumber/zhnumber-utf8.cfg
File: zhnumber-utf8.cfg 2022/07/14 v3.0 Chinese numerals with UTF8 encoding
))
(d:/texlive/2024/texmf-dist/tex/latex/ctex/scheme/ctex-scheme-chinese.def
File: ctex-scheme-chinese.def 2022/07/14 v2.5.10 Chinese scheme for generic (CT
EX)

(d:/texlive/2024/texmf-dist/tex/latex/ctex/config/ctex-name-utf8.cfg
File: ctex-name-utf8.cfg 2022/07/14 v2.5.10 Caption with encoding UTF-8 (CTEX)
))
(d:/texlive/2024/texmf-dist/tex/latex/tools/indentfirst.sty
Package: indentfirst 2023/07/02 v1.03 Indent first paragraph (DPC)
)
(d:/texlive/2024/texmf-dist/tex/latex/ctex/fontset/ctex-fontset-windows.def
File: ctex-fontset-windows.def 2022/07/14 v2.5.10 Windows fonts definition (CTE
X)

Package fontspec Info: Could not resolve font "KaiTi/B" (it probably doesn't
(fontspec)             exist).


Package fontspec Info: Could not resolve font "SimHei/I" (it probably doesn't
(fontspec)             exist).


Package fontspec Info: Could not resolve font "SimSun/BI" (it probably doesn't
(fontspec)             exist).


Package fontspec Info: Font family 'SimSun(0)' created for font 'SimSun' with
(fontspec)             options
(fontspec)             [Script={CJK},BoldFont={SimHei},ItalicFont={KaiTi}].
(fontspec)              
(fontspec)              This font family consists of the following NFSS
(fontspec)             series/shapes:
(fontspec)              
(fontspec)             - 'normal' (m/n) with NFSS spec.:
(fontspec)             <->"SimSun/OT:script=hani;language=dflt;"
(fontspec)             - 'small caps'  (m/sc) with NFSS spec.: 
(fontspec)             - 'bold' (b/n) with NFSS spec.:
(fontspec)             <->"SimHei/OT:script=hani;language=dflt;"
(fontspec)             - 'bold small caps'  (b/sc) with NFSS spec.: 
(fontspec)             - 'italic' (m/it) with NFSS spec.:
(fontspec)             <->"KaiTi/OT:script=hani;language=dflt;"
(fontspec)             - 'italic small caps'  (m/scit) with NFSS spec.: 

))
(d:/texlive/2024/texmf-dist/tex/latex/ctex/config/ctex.cfg
File: ctex.cfg 2022/07/14 v2.5.10 Configuration file (CTEX)
)
(d:/texlive/2024/texmf-dist/tex/latex/amsmath/amsmath.sty
Package: amsmath 2023/05/13 v2.17o AMS math features
\@mathmargin=\skip59

For additional information on amsmath, use the `?' option.
(d:/texlive/2024/texmf-dist/tex/latex/amsmath/amstext.sty
Package: amstext 2021/08/26 v2.01 AMS text

(d:/texlive/2024/texmf-dist/tex/latex/amsmath/amsgen.sty
File: amsgen.sty 1999/11/30 v2.0 generic functions
\@emptytoks=\toks17
\ex@=\dimen175
))
(d:/texlive/2024/texmf-dist/tex/latex/amsmath/amsbsy.sty
Package: amsbsy 1999/11/29 v1.2d Bold Symbols
\pmbraise@=\dimen176
)
(d:/texlive/2024/texmf-dist/tex/latex/amsmath/amsopn.sty
Package: amsopn 2022/04/08 v2.04 operator names
)
\inf@bad=\count291
LaTeX Info: Redefining \frac on input line 234.
\uproot@=\count292
\leftroot@=\count293
LaTeX Info: Redefining \overline on input line 399.
LaTeX Info: Redefining \colon on input line 410.
\classnum@=\count294
\DOTSCASE@=\count295
LaTeX Info: Redefining \ldots on input line 496.
LaTeX Info: Redefining \dots on input line 499.
LaTeX Info: Redefining \cdots on input line 620.
\Mathstrutbox@=\box55
\strutbox@=\box56
LaTeX Info: Redefining \big on input line 722.
LaTeX Info: Redefining \Big on input line 723.
LaTeX Info: Redefining \bigg on input line 724.
LaTeX Info: Redefining \Bigg on input line 725.
\big@size=\dimen177
LaTeX Font Info:    Redeclaring font encoding OML on input line 743.
LaTeX Font Info:    Redeclaring font encoding OMS on input line 744.
\macc@depth=\count296
LaTeX Info: Redefining \bmod on input line 905.
LaTeX Info: Redefining \pmod on input line 910.
LaTeX Info: Redefining \smash on input line 940.
LaTeX Info: Redefining \relbar on input line 970.
LaTeX Info: Redefining \Relbar on input line 971.
\c@MaxMatrixCols=\count297
\dotsspace@=\muskip17
\c@parentequation=\count298
\dspbrk@lvl=\count299
\tag@help=\toks18
\row@=\count300
\column@=\count301
\maxfields@=\count302
\andhelp@=\toks19
\eqnshift@=\dimen178
\alignsep@=\dimen179
\tagshift@=\dimen180
\tagwidth@=\dimen181
\totwidth@=\dimen182
\lineht@=\dimen183
\@envbody=\toks20
\multlinegap=\skip60
\multlinetaggap=\skip61
\mathdisplay@stack=\toks21
LaTeX Info: Redefining \[ on input line 2953.
LaTeX Info: Redefining \] on input line 2954.
)
(d:/texlive/2024/texmf-dist/tex/latex/amsfonts/amsfonts.sty
Package: amsfonts 2013/01/14 v3.01 Basic AMSFonts support
\symAMSa=\mathgroup4
\symAMSb=\mathgroup5
LaTeX Font Info:    Redeclaring math symbol \hbar on input line 98.
LaTeX Font Info:    Overwriting math alphabet `\mathfrak' in version `bold'
(Font)                  U/euf/m/n --> U/euf/b/n on input line 106.
)
(d:/texlive/2024/texmf-dist/tex/latex/amsfonts/amssymb.sty
Package: amssymb 2013/01/14 v3.01 AMS font symbols
)
(d:/texlive/2024/texmf-dist/tex/latex/graphics/graphicx.sty
Package: graphicx 2021/09/16 v1.2d Enhanced LaTeX Graphics (DPC,SPQR)

(d:/texlive/2024/texmf-dist/tex/latex/graphics/keyval.sty
Package: keyval 2022/05/29 v1.15 key=value parser (DPC)
\KV@toks@=\toks22
)
(d:/texlive/2024/texmf-dist/tex/latex/graphics/graphics.sty
Package: graphics 2022/03/10 v1.4e Standard LaTeX Graphics (DPC,SPQR)

(d:/texlive/2024/texmf-dist/tex/latex/graphics/trig.sty
Package: trig 2021/08/11 v1.11 sin cos tan (DPC)
)
(d:/texlive/2024/texmf-dist/tex/latex/graphics-cfg/graphics.cfg
File: graphics.cfg 2016/06/04 v1.11 sample graphics configuration
)
Package graphics Info: Driver file: xetex.def on input line 107.

(d:/texlive/2024/texmf-dist/tex/latex/graphics-def/xetex.def
File: xetex.def 2022/09/22 v5.0n Graphics/color driver for xetex
))
\Gin@req@height=\dimen184
\Gin@req@width=\dimen185
)
(d:/texlive/2024/texmf-dist/tex/latex/geometry/geometry.sty
Package: geometry 2020/01/02 v5.9 Page Geometry

(d:/texlive/2024/texmf-dist/tex/generic/iftex/ifvtex.sty
Package: ifvtex 2019/10/25 v1.7 ifvtex legacy package. Use iftex instead.

(d:/texlive/2024/texmf-dist/tex/generic/iftex/iftex.sty
Package: iftex 2022/02/03 v1.0f TeX engine tests
))
\Gm@cnth=\count303
\Gm@cntv=\count304
\c@Gm@tempcnt=\count305
\Gm@bindingoffset=\dimen186
\Gm@wd@mp=\dimen187
\Gm@odd@mp=\dimen188
\Gm@even@mp=\dimen189
\Gm@layoutwidth=\dimen190
\Gm@layoutheight=\dimen191
\Gm@layouthoffset=\dimen192
\Gm@layoutvoffset=\dimen193
\Gm@dimlist=\toks23
)
(d:/texlive/2024/texmf-dist/tex/latex/booktabs/booktabs.sty
Package: booktabs 2020/01/12 v1.61803398 Publication quality tables
\heavyrulewidth=\dimen194
\lightrulewidth=\dimen195
\cmidrulewidth=\dimen196
\belowrulesep=\dimen197
\belowbottomsep=\dimen198
\aboverulesep=\dimen199
\abovetopsep=\dimen256
\cmidrulesep=\dimen257
\cmidrulekern=\dimen258
\defaultaddspace=\dimen259
\@cmidla=\count306
\@cmidlb=\count307
\@aboverulesep=\dimen260
\@belowrulesep=\dimen261
\@thisruleclass=\count308
\@lastruleclass=\count309
\@thisrulewidth=\dimen262
)
(d:/texlive/2024/texmf-dist/tex/latex/tools/array.sty
Package: array 2023/10/16 v2.5g Tabular extension package (FMi)
\col@sep=\dimen263
\ar@mcellbox=\box57
\extrarowheight=\dimen264
\NC@list=\toks24
\extratabsurround=\skip62
\backup@length=\skip63
\ar@cellbox=\box58
)
(d:/texlive/2024/texmf-dist/tex/latex/float/float.sty
Package: float 2001/11/08 v1.3d Float enhancements (AL)
\c@float@type=\count310
\float@exts=\toks25
\float@box=\box59
\@float@everytoks=\toks26
\@floatcapt=\box60
)
(d:/texlive/2024/texmf-dist/tex/latex/tools/longtable.sty
Package: longtable 2023-11-01 v4.19 Multi-page Table package (DPC)
\LTleft=\skip64
\LTright=\skip65
\LTpre=\skip66
\LTpost=\skip67
\LTchunksize=\count311
\LTcapwidth=\dimen265
\LT@head=\box61
\LT@firsthead=\box62
\LT@foot=\box63
\LT@lastfoot=\box64
\LT@gbox=\box65
\LT@cols=\count312
\LT@rows=\count313
\c@LT@tables=\count314
\c@LT@chunks=\count315
\LT@p@ftn=\toks27
)
(d:/texlive/2024/texmf-dist/tex/latex/titlesec/titlesec.sty
Package: titlesec 2023/10/27 v2.16 Sectioning titles
\ttl@box=\box66
\beforetitleunit=\skip68
\aftertitleunit=\skip69
\ttl@plus=\dimen266
\ttl@minus=\dimen267
\ttl@toksa=\toks28
\titlewidth=\dimen268
\titlewidthlast=\dimen269
\titlewidthfirst=\dimen270
)
(d:/texlive/2024/texmf-dist/tex/latex/tools/verbatim.sty
Package: verbatim 2023-11-06 v1.5v LaTeX2e package for verbatim enhancements
\every@verbatim=\toks29
\verbatim@line=\toks30
\verbatim@in@stream=\read2
)
(d:/texlive/2024/texmf-dist/tex/latex/multirow/multirow.sty
Package: multirow 2021/03/15 v2.8 Span multiple rows of a table
\multirow@colwidth=\skip70
\multirow@cntb=\count316
\multirow@dima=\skip71
\bigstrutjot=\dimen271
) (./实验一.aux)
\openout1 = `实验一.aux'.

LaTeX Font Info:    Checking defaults for OML/cmm/m/it on input line 60.
LaTeX Font Info:    ... okay on input line 60.
LaTeX Font Info:    Checking defaults for OMS/cmsy/m/n on input line 60.
LaTeX Font Info:    ... okay on input line 60.
LaTeX Font Info:    Checking defaults for OT1/cmr/m/n on input line 60.
LaTeX Font Info:    ... okay on input line 60.
LaTeX Font Info:    Checking defaults for T1/cmr/m/n on input line 60.
LaTeX Font Info:    ... okay on input line 60.
LaTeX Font Info:    Checking defaults for TS1/cmr/m/n on input line 60.
LaTeX Font Info:    ... okay on input line 60.
LaTeX Font Info:    Checking defaults for TU/lmr/m/n on input line 60.
LaTeX Font Info:    ... okay on input line 60.
LaTeX Font Info:    Checking defaults for OMX/cmex/m/n on input line 60.
LaTeX Font Info:    ... okay on input line 60.
LaTeX Font Info:    Checking defaults for U/cmr/m/n on input line 60.
LaTeX Font Info:    ... okay on input line 60.

Package fontspec Info: Adjusting the maths setup (use [no-math] to avoid
(fontspec)             this).

\symlegacymaths=\mathgroup6
LaTeX Font Info:    Overwriting symbol font `legacymaths' in version `bold'
(Font)                  OT1/cmr/m/n --> OT1/cmr/bx/n on input line 60.
LaTeX Font Info:    Redeclaring math accent \acute on input line 60.
LaTeX Font Info:    Redeclaring math accent \grave on input line 60.
LaTeX Font Info:    Redeclaring math accent \ddot on input line 60.
LaTeX Font Info:    Redeclaring math accent \tilde on input line 60.
LaTeX Font Info:    Redeclaring math accent \bar on input line 60.
LaTeX Font Info:    Redeclaring math accent \breve on input line 60.
LaTeX Font Info:    Redeclaring math accent \check on input line 60.
LaTeX Font Info:    Redeclaring math accent \hat on input line 60.
LaTeX Font Info:    Redeclaring math accent \dot on input line 60.
LaTeX Font Info:    Redeclaring math accent \mathring on input line 60.
LaTeX Font Info:    Redeclaring math symbol \Gamma on input line 60.
LaTeX Font Info:    Redeclaring math symbol \Delta on input line 60.
LaTeX Font Info:    Redeclaring math symbol \Theta on input line 60.
LaTeX Font Info:    Redeclaring math symbol \Lambda on input line 60.
LaTeX Font Info:    Redeclaring math symbol \Xi on input line 60.
LaTeX Font Info:    Redeclaring math symbol \Pi on input line 60.
LaTeX Font Info:    Redeclaring math symbol \Sigma on input line 60.
LaTeX Font Info:    Redeclaring math symbol \Upsilon on input line 60.
LaTeX Font Info:    Redeclaring math symbol \Phi on input line 60.
LaTeX Font Info:    Redeclaring math symbol \Psi on input line 60.
LaTeX Font Info:    Redeclaring math symbol \Omega on input line 60.
LaTeX Font Info:    Redeclaring math symbol \mathdollar on input line 60.
LaTeX Font Info:    Redeclaring symbol font `operators' on input line 60.
LaTeX Font Info:    Encoding `OT1' has changed to `TU' for symbol font
(Font)              `operators' in the math version `normal' on input line 60.
LaTeX Font Info:    Overwriting symbol font `operators' in version `normal'
(Font)                  OT1/cmr/m/n --> TU/lmr/m/n on input line 60.
LaTeX Font Info:    Encoding `OT1' has changed to `TU' for symbol font
(Font)              `operators' in the math version `bold' on input line 60.
LaTeX Font Info:    Overwriting symbol font `operators' in version `bold'
(Font)                  OT1/cmr/bx/n --> TU/lmr/m/n on input line 60.
LaTeX Font Info:    Overwriting symbol font `operators' in version `normal'
(Font)                  TU/lmr/m/n --> TU/lmr/m/n on input line 60.
LaTeX Font Info:    Overwriting math alphabet `\mathit' in version `normal'
(Font)                  OT1/cmr/m/it --> TU/lmr/m/it on input line 60.
LaTeX Font Info:    Overwriting math alphabet `\mathbf' in version `normal'
(Font)                  OT1/cmr/bx/n --> TU/lmr/b/n on input line 60.
LaTeX Font Info:    Overwriting math alphabet `\mathsf' in version `normal'
(Font)                  OT1/cmss/m/n --> TU/lmss/m/n on input line 60.
LaTeX Font Info:    Overwriting math alphabet `\mathtt' in version `normal'
(Font)                  OT1/cmtt/m/n --> TU/lmtt/m/n on input line 60.
LaTeX Font Info:    Overwriting symbol font `operators' in version `bold'
(Font)                  TU/lmr/m/n --> TU/lmr/b/n on input line 60.
LaTeX Font Info:    Overwriting math alphabet `\mathit' in version `bold'
(Font)                  OT1/cmr/bx/it --> TU/lmr/b/it on input line 60.
LaTeX Font Info:    Overwriting math alphabet `\mathsf' in version `bold'
(Font)                  OT1/cmss/bx/n --> TU/lmss/b/n on input line 60.
LaTeX Font Info:    Overwriting math alphabet `\mathtt' in version `bold'
(Font)                  OT1/cmtt/m/n --> TU/lmtt/b/n on input line 60.

*geometry* driver: auto-detecting
*geometry* detected driver: xetex
*geometry* verbose mode - [ preamble ] result:
* driver: xetex
* paper: a4paper
* layout: <same size as paper>
* layoutoffset:(h,v)=(0.0pt,0.0pt)
* modes: 
* h-part:(L,W,R)=(71.13188pt, 455.24411pt, 71.13188pt)
* v-part:(T,H,B)=(71.13188pt, 702.78308pt, 71.13188pt)
* \paperwidth=597.50787pt
* \paperheight=845.04684pt
* \textwidth=455.24411pt
* \textheight=702.78308pt
* \oddsidemargin=-1.1381pt
* \evensidemargin=-1.1381pt
* \topmargin=-38.1381pt
* \headheight=12.0pt
* \headsep=25.0pt
* \topskip=12.0pt
* \footskip=30.0pt
* \marginparwidth=35.0pt
* \marginparsep=10.0pt
* \columnsep=10.0pt
* \skip\footins=10.8pt plus 4.0pt minus 2.0pt
* \hoffset=0.0pt
* \voffset=0.0pt
* \mag=1000
* \@twocolumnfalse
* \@twosidefalse
* \@mparswitchfalse
* \@reversemarginfalse
* (1in=72.27pt=25.4mm, 1cm=28.453pt)

File: tongji_logo.png Graphic file (type bmp)
<tongji_logo.png>
LaTeX Font Info:    Trying to load font information for U+msa on input line 63.

(d:/texlive/2024/texmf-dist/tex/latex/amsfonts/umsa.fd
File: umsa.fd 2013/01/14 v3.01 AMS symbols A
)
LaTeX Font Info:    Trying to load font information for U+msb on input line 63.


(d:/texlive/2024/texmf-dist/tex/latex/amsfonts/umsb.fd
File: umsb.fd 2013/01/14 v3.01 AMS symbols B
) [1

]

Package fontspec Info: Could not resolve font "SimHei/BI" (it probably doesn't
(fontspec)             exist).


Package fontspec Info: Could not resolve font "SimHei/B" (it probably doesn't
(fontspec)             exist).


Package fontspec Info: Could not resolve font "SimHei/I" (it probably doesn't
(fontspec)             exist).


Package fontspec Info: Font family 'SimHei(0)' created for font 'SimHei' with
(fontspec)             options [Script={CJK}].
(fontspec)              
(fontspec)              This font family consists of the following NFSS
(fontspec)             series/shapes:
(fontspec)              
(fontspec)             - 'normal' (m/n) with NFSS spec.:
(fontspec)             <->"SimHei/OT:script=hani;language=dflt;"
(fontspec)             - 'small caps'  (m/sc) with NFSS spec.: 

 (./实验一.toc [1])
\tf@toc=\write3
\openout3 = `实验一.toc'.


[2]
File: screenshot003.png Graphic file (type bmp)
<screenshot003.png>
 [3] [4] [5

] [6]

Package fontspec Info: Could not resolve font "FangSong/BI" (it probably
(fontspec)             doesn't exist).


Package fontspec Info: Could not resolve font "FangSong/B" (it probably
(fontspec)             doesn't exist).


Package fontspec Info: Could not resolve font "FangSong/I" (it probably
(fontspec)             doesn't exist).


Package fontspec Info: Font family 'FangSong(0)' created for font 'FangSong'
(fontspec)             with options [Script={CJK}].
(fontspec)              
(fontspec)              This font family consists of the following NFSS
(fontspec)             series/shapes:
(fontspec)              
(fontspec)             - 'normal' (m/n) with NFSS spec.:
(fontspec)             <->"FangSong/OT:script=hani;language=dflt;"
(fontspec)             - 'small caps'  (m/sc) with NFSS spec.: 

 [7] [8] [9] [10] [11] [12] [13] [14]
File: screenshot001.png Graphic file (type bmp)
<screenshot001.png>
 [15]
File: screenshot002.png Graphic file (type bmp)
<screenshot002.png>
 [16] [17]
File: "../cpupip8.srcs/sources_1/new/sccomp_dataflow.v"  (verbatim)

[18] [19] [20] [21] [22]
File: "../cpupip8.srcs/sources_1/new/cpu.v"  (verbatim)
 [23] [24] [25] [26] [27] [28] [29] [30]
File: "../cpupip8.srcs/sources_1/new/def.v"  (verbatim)
 [31] [32]
[33]
File: "../cpupip8.srcs/sources_1/new/alu.v"  (verbatim)
 [34] [35] [36] [37]
File: "../cpupip8.srcs/sources_1/new/BJudge.v"  (verbatim)
 [38]
File: "../cpupip8.srcs/sources_1/new/PCreg.v"  (verbatim)
 [39]
File: "../cpupip8.srcs/sources_1/new/DMEM.v"  (verbatim)

Overfull \hbox (137.85529pt too wide) in paragraph at lines 617--617
[]\TU/lmtt/m/n/12 ////  \TU/FangSong(0)/m/n/12 被 注 释 掉 的 是 前 仿 真 的 版 本 ， 会 出 现 
在 后 仿 真 的 过 程 中 \TU/lmtt/m/n/12 synthesis \TU/FangSong(0)/m/n/12 过 慢 的 问 题 ， 原 
因 是 过 大 的 寄 存 器 数 组 
 []

[40]
Overfull \hbox (39.15579pt too wide) in paragraph at lines 617--617
[]\TU/lmtt/m/n/12 assign we1 = (SC == `sw_dmem || SC == `sh_dmem || SC == `sb_d
mem) && DM_W && CS;[] 
 []


Overfull \hbox (94.77573pt too wide) in paragraph at lines 617--617
[]\TU/lmtt/m/n/12 assign Dataout = (CS && DM_R) ? (LC == `lw_dmem) ? {dmem4_r, 
dmem3_r, dmem2_r, dmem1_r} :[] 
 []


Overfull \hbox (32.9636pt too wide) in paragraph at lines 617--617
[]                                \TU/lmtt/m/n/12 (LC == `lhu_dmem) ? {16'b0, d
mem2_r, dmem1_r} :[] 
 []


Overfull \hbox (100.94357pt too wide) in paragraph at lines 617--617
[]                                \TU/lmtt/m/n/12 (LC == `lh_dmem)  ? {{16{dmem
2_r[7]}}, dmem2_r, dmem1_r} :[] 
 []


Overfull \hbox (45.33559pt too wide) in paragraph at lines 617--617
[]                                \TU/lmtt/m/n/12 (LC == `lb_dmem)  ? {{24{dmem
1_r[7]}}, dmem1_r} :[] 
 []


Overfull \hbox (70.0556pt too wide) in paragraph at lines 617--617
[]                                \TU/lmtt/m/n/12 (LC == `lbu_dmem) ? {24'b0, d
mem1_r} : 32'bz : 32'bz;[] 
 []

[41]
File: "../cpupip8.srcs/sources_1/new/EX_MEM.v"  (verbatim)
 [42] [43]
Overfull \hbox (2.0758pt too wide) in paragraph at lines 620--620
[]    \TU/lmtt/m/n/12 assign DMEMaddr = (doing_op_r==`sw || doing_op_r==`lw) ? 
aluo_r:32'b0;[] 
 []

[44]
File: "../cpupip8.srcs/sources_1/new/ID_EX.v"  (verbatim)
 [45]
Overfull \hbox (76.22382pt too wide) in paragraph at lines 623--623
[]    \TU/lmtt/m/n/12 (doing_op_reg==`addi) ? {{16{instr_reg[15]}},instr_reg[15
:0]}: // sign extend imdt[] 
 []


Overfull \hbox (82.40381pt too wide) in paragraph at lines 623--623
[]    \TU/lmtt/m/n/12 (doing_op_reg==`addiu) ? {{16{instr_reg[15]}},instr_reg[1
5:0]}: // sign extend imdt[] 
 []


Overfull \hbox (63.86382pt too wide) in paragraph at lines 623--623
[]    \TU/lmtt/m/n/12 (doing_op_reg==`lw) ? {{16{instr_reg[15]}},instr_reg[15:0
]}: // sign extend imdt[] 
 []


Overfull \hbox (63.86382pt too wide) in paragraph at lines 623--623
[]    \TU/lmtt/m/n/12 (doing_op_reg==`sw) ? {{16{instr_reg[15]}},instr_reg[15:0
]}: // sign extend imdt[] 
 []

[46]
File: "../cpupip8.srcs/sources_1/new/IF_ID.v"  (verbatim)
 [47] [48] [49]
File: "../cpupip8.srcs/sources_1/new/IMEM.v"  (verbatim)

Overfull \hbox (26.7958pt too wide) in paragraph at lines 629--629
[]\TU/lmtt/m/n/12 ////       $readmemh("E:/Homeworks/cpupip8/testdata/1_addi.he
x.txt", IMEMreg);[] 
 []


Overfull \hbox (32.97583pt too wide) in paragraph at lines 629--629
[]\TU/lmtt/m/n/12 ////       $readmemh("E:/Homeworks/cpupip8/testdata/2_addiu.h
ex.txt", IMEMreg);[] 
 []


Overfull \hbox (8.24382pt too wide) in paragraph at lines 629--629
[]\TU/lmtt/m/n/12 //      $readmemh("E:/Homeworks/cpupip8/testdata/9_addu.hex.t
xt", IMEMreg);[] 
 []


Overfull \hbox (20.61581pt too wide) in paragraph at lines 629--629
[]\TU/lmtt/m/n/12 ////      $readmemh("E:/Homeworks/cpupip8/testdata/11_beq.hex
.txt", IMEMreg);[] 
 []


Overfull \hbox (26.7958pt too wide) in paragraph at lines 629--629
[]\TU/lmtt/m/n/12 ////       $readmemh("E:/Homeworks/cpupip8/testdata/12_bne.he
x.txt", IMEMreg);[] 
 []


Overfull \hbox (45.31184pt too wide) in paragraph at lines 629--629
[]\TU/lmtt/m/n/12 ////       $readmemh("E:/Homeworks/cpupip8/testdata/16.26_lws
w.hex.txt",IMEMreg);[] 
 []

[50]
Overfull \hbox (51.49184pt too wide) in paragraph at lines 629--629
[]\TU/lmtt/m/n/12 ////       $readmemh("E:/Homeworks/cpupip8/testdata/16.26_lws
w2.hex.txt",IMEMreg);[] 
 []


Overfull \hbox (26.7958pt too wide) in paragraph at lines 629--629
[]\TU/lmtt/m/n/12 ////       $readmemh("E:/Homeworks/cpupip8/testdata/20_sll.he
x.txt", IMEMreg);[] 
 []


Overfull \hbox (32.97583pt too wide) in paragraph at lines 629--629
[]\TU/lmtt/m/n/12 ////       $readmemh("E:/Homeworks/cpupip8/testdata/22_sltu.h
ex.txt", IMEMreg);[] 
 []


Overfull \hbox (32.97583pt too wide) in paragraph at lines 629--629
[]\TU/lmtt/m/n/12 ////       $readmemh("E:/Homeworks/cpupip8/testdata/25_subu.h
ex.txt", IMEMreg);[] 
 []

File: "../cpupip8.srcs/sources_1/new/MEM_WB.v"  (verbatim)
[51] [52]
File: "../cpupip8.srcs/sources_1/new/NPCmaker.v"  (verbatim)
File: "../cpupip8.srcs/sources_1/new/regfile.v"  (verbatim)
 [53] [54] [55]
Overfull \hbox (82.4155pt too wide) in paragraph at lines 638--638
[]        \TU/lmtt/m/n/12 end else if(wen && rdc != 5'b0) begin  //  \TU/FangSo
ng(0)/m/n/12 写 使 能 且 写 入 地 址 不 为 \TU/lmtt/m/n/12 0 \TU/FangSong(0)/m/n/12 （ 寄 存
 器 \TU/lmtt/m/n/12 0 \TU/FangSong(0)/m/n/12 恒 为 \TU/lmtt/m/n/12 0 \TU/FangSong(
0)/m/n/12 ） [] 
 []

[56]
Overfull \hbox (119.48372pt too wide) in paragraph at lines 638--638
[]                        \TU/lmtt/m/n/12 (doing_op==`lw||doing_op==`addi||doin
g_op==`addiu)?instr[20:16]:5'b0;[] 
 []


Overfull \hbox (175.11569pt too wide) in paragraph at lines 638--638
[]                        \TU/lmtt/m/n/12 doing_op==`subu||doing_op==`sltu||doi
ng_op==`addi||doing_op==`addiu)? 4'b1110:[] 
 []

[57] [58]
Overfull \hbox (379.05534pt too wide) in paragraph at lines 638--638
[]    \TU/lmtt/m/n/12 assign detect_conflict=rs_conflict||rt_conflict||rd_confl
ict;// \TU/FangSong(0)/m/n/12 这 里 不 需 要 用 这 个 信 号 去 关 闭 上 锁 信 号 ， 下 一 个 周 期 用 新
 的 上 锁 信 号 覆 盖 即 可 [] 
 []

No file ../cpupip8.srcs/sim_1/new/246tb_ex10_tb.v.
File: "../run_cpu_tests.do"  (verbatim)

Overfull \hbox (212.19585pt too wide) in paragraph at lines 644--644
[]\TU/lmtt/m/n/12 vlog -work work -quiet ./cpupip8.srcs/sources_1/ip/dmem1/dist
_mem_gen_v8_0_10/simulation/dist_mem_gen_v8_0.v[] 
 []

[59] [60]
Overfull \hbox (138.03584pt too wide) in paragraph at lines 644--644
[]    \TU/lmtt/m/n/12 file copy -force ./cpupip8.srcs/sources_1/new/IMEM.v ./cp
upip8.srcs/sources_1/new/IMEM.v.bak[] 
 []


Overfull \hbox (385.2357pt too wide) in paragraph at lines 644--644
[]        \TU/lmtt/m/n/12 if {[string match "*\$readmemh*" $line] && [string ma
tch "*IMEMreg*" $line] && ![string match "*//*" [string trimleft $line]]} {[] 
 []


Overfull \hbox (138.0357pt too wide) in paragraph at lines 644--644
[]            \TU/lmtt/m/n/12 lappend new_lines "       \$readmemh(\"E:/Homewor
ks/cpupip8/$test_file\", IMEMreg);"[] 
 []

[61]
Overfull \hbox (2.07579pt too wide) in paragraph at lines 644--644
[]        \TU/lmtt/m/n/12 puts "Warning: Simulation result file not found: $sim
_result_file"[] 
 []


Overfull \hbox (138.03584pt too wide) in paragraph at lines 644--644
[]    \TU/lmtt/m/n/12 file copy -force ./cpupip8.srcs/sources_1/new/IMEM.v.bak 
./cpupip8.srcs/sources_1/new/IMEM.v[] 
 []


Overfull \hbox (199.83583pt too wide) in paragraph at lines 644--644
[]    \TU/lmtt/m/n/12 set cmd_result [catch {exec ./cpu_pipelined_simulator.exe
 E:/Homeworks/cpupip8/$test_file} std_output][] 
 []


Overfull \hbox (51.5158pt too wide) in paragraph at lines 644--644
[]        \TU/lmtt/m/n/12 puts "Failed to generate standard test result for $te
st_file: $std_output"[] 
 []

[62]
Overfull \hbox (304.89583pt too wide) in paragraph at lines 644--644
[]    \TU/lmtt/m/n/12 set cmd_result [catch {exec ./cpu_pipelined_simulator.exe
 E:/Homeworks/cpupip8/$test_file $std_result_file} std_output][] 
 []


Overfull \hbox (255.4558pt too wide) in paragraph at lines 644--644
[]        \TU/lmtt/m/n/12 set cmd_result [catch {exec ./cpu_pipelined_simulator
.exe E:/Homeworks/cpupip8/$test_file} std_output_temp][] 
 []


Overfull \hbox (82.41574pt too wide) in paragraph at lines 644--644
[]            \TU/lmtt/m/n/12 puts "Standard test result saved to: $std_result_
file from captured output"[] 
 []


Overfull \hbox (107.13576pt too wide) in paragraph at lines 644--644
[]            \TU/lmtt/m/n/12 puts "Failed to generate standard test result for
 $test_file: $std_output_temp"[] 
 []


Overfull \hbox (706.59576pt too wide) in paragraph at lines 644--644
[]    \TU/lmtt/m/n/12 set compare_result [catch {exec txt_compare --file1 $outp
ut_result_file --file2 $std_result_file --display detailed > "$results_dir/${te
st_name}_comparison_result.txt"} compare_output][] 
 []


Overfull \hbox (125.67574pt too wide) in paragraph at lines 644--644
[]        \TU/lmtt/m/n/12 if {[string match "*PASS*" $comp_content] || [string 
match "*MATCH*" $comp_content]} {[] 
 []

[63]
Overfull \hbox (1411.11574pt too wide) in paragraph at lines 644--644
[]\TU/lmtt/m/n/12 set summary_text [subst "BATCH TEST SUMMARY\n================
==================\nTotal tests: $total_tests\nPassed tests: $pass_count\nFaile
d tests: [expr $total_tests - $pass_count]\nSuccess rate: [format %.2f [expr do
uble($pass_count)*100/double($total_tests)]]%\n================================
=="][] 
 []


Overfull \hbox (82.41585pt too wide) in paragraph at lines 644--644
[]\TU/lmtt/m/n/12 puts "Success rate: [format %.2f [expr double($pass_count)*10
0/double($total_tests)]]%"[] 
 []

File: "../cpu_pipelined_simulator.cpp"  (verbatim)
[64]
Overfull \hbox (20.6155pt too wide) in paragraph at lines 647--647
[]        \TU/lmtt/m/n/12 uint8_t lock_type; //  \TU/FangSong(0)/m/n/12 高 \TU/l
mtt/m/n/12 2 \TU/FangSong(0)/m/n/12 位 \TU/lmtt/m/n/12 : 0- \TU/FangSong(0)/m/n/
12 无 锁 \TU/lmtt/m/n/12 , 1-ALU \TU/FangSong(0)/m/n/12 型 \TU/lmtt/m/n/12 , 2- \T
U/FangSong(0)/m/n/12 内 存 型 \TU/lmtt/m/n/12 ;  \TU/FangSong(0)/m/n/12 低 \TU/lmtt
/m/n/12 2 \TU/FangSong(0)/m/n/12 位 \TU/lmtt/m/n/12 :  \TU/FangSong(0)/m/n/12 计 
时 器 [] 
 []

[65]
Overfull \hbox (8.25578pt too wide) in paragraph at lines 647--647
[]    \TU/lmtt/m/n/12 void decode_instruction(int32_t instr, uint8_t& opcode, u
int8_t& funct,[] 
 []


Overfull \hbox (168.93556pt too wide) in paragraph at lines 647--647
[]                          \TU/lmtt/m/n/12 uint32_t& rs, uint32_t& rt, uint32_
t& rd, uint32_t& shamt, uint32_t& imm) {[] 
 []


Overfull \hbox (94.77574pt too wide) in paragraph at lines 647--647
[]            \TU/lmtt/m/n/12 case 0:  return static_cast<uint32_t>(a) + static
_cast<uint32_t>(b);  // ADDU[] 
 []


Overfull \hbox (100.95538pt too wide) in paragraph at lines 647--647
[]            \TU/lmtt/m/n/12 case 1:  return a - b;                           
                      // SUBU[] 
 []


Overfull \hbox (94.77539pt too wide) in paragraph at lines 647--647
[]            \TU/lmtt/m/n/12 case 2:  return a + b;                           
                      // ADD[] 
 []


Overfull \hbox (94.77539pt too wide) in paragraph at lines 647--647
[]            \TU/lmtt/m/n/12 case 3:  return a - b;                           
                      // SUB[] 
 []

[66]
Overfull \hbox (94.77539pt too wide) in paragraph at lines 647--647
[]            \TU/lmtt/m/n/12 case 4:  return a & b;                           
                      // AND[] 
 []


Overfull \hbox (88.59538pt too wide) in paragraph at lines 647--647
[]            \TU/lmtt/m/n/12 case 5:  return a | b;                           
                      // OR[] 
 []


Overfull \hbox (94.7634pt too wide) in paragraph at lines 647--647
[]            \TU/lmtt/m/n/12 case 6:  return a ^ b;                           
                      // XOR[] 
 []


Overfull \hbox (94.77544pt too wide) in paragraph at lines 647--647
[]            \TU/lmtt/m/n/12 case 7:  return ~(a | b);                        
                      // NOR[] 
 []


Overfull \hbox (88.58365pt too wide) in paragraph at lines 647--647
[]            \TU/lmtt/m/n/12 case 8:  return static_cast<int32_t>((b & 0xFFFF)
 << 16);             // LUI[] 
 []


Overfull \hbox (150.3957pt too wide) in paragraph at lines 647--647
[]            \TU/lmtt/m/n/12 case 10: return (static_cast<uint32_t>(a) < stati
c_cast<uint32_t>(b)) ? 1 : 0; // SLTU[] 
 []


Overfull \hbox (88.59544pt too wide) in paragraph at lines 647--647
[]            \TU/lmtt/m/n/12 case 11: return (a < b) ? 1 : 0;                 
                     // SLT[] 
 []


Overfull \hbox (57.69571pt too wide) in paragraph at lines 647--647
[]                \TU/lmtt/m/n/12 if (shift >= 32) return (b & 0x80000000) ? 0x
FFFFFFFF : 0x00000000;[] 
 []


Overfull \hbox (199.83562pt too wide) in paragraph at lines 647--647
[]                \TU/lmtt/m/n/12 else return (b >> shift) | ((b & 0x80000000) 
? ((1 << (32-shift)) - 1) << (32-shift) : 0);[] 
 []


Overfull \hbox (156.57556pt too wide) in paragraph at lines 647--647
[]            \TU/lmtt/m/n/12 case 13: return static_cast<uint32_t>(b) >> (a & 
0x1F);               // SRL -  \TU/FangSong(0)/m/n/12 逻 辑 右 移 [] 
 []


Overfull \hbox (156.57538pt too wide) in paragraph at lines 647--647
[]            \TU/lmtt/m/n/12 case 14: return b << (a & 0x1F);                 
                     // SLL -  \TU/FangSong(0)/m/n/12 逻 辑 左 移 [] 
 []

[67]
Overfull \hbox (107.13568pt too wide) in paragraph at lines 647--647
[]        \TU/lmtt/m/n/12 } else if (opcode == 0x0C || opcode == 0x0D || opcode
 == 0x0E) { // ANDI, ORI, XORI[] 
 []


Overfull \hbox (88.5956pt too wide) in paragraph at lines 647--647
[]                  \TU/lmtt/m/n/12 opcode == 0x0D || opcode == 0x0E || opcode 
== 0x0F) { //  \TU/FangSong(0)/m/n/12 立 即 数 \TU/lmtt/m/n/12 ALU \TU/FangSong(0)
/m/n/12 指 令 [] 
 []

[68]
Overfull \hbox (20.61575pt too wide) in paragraph at lines 647--647
[]            \TU/lmtt/m/n/12 if (register_locks[i].valid && register_locks[i].
lock_type > 0) {[] 
 []


Overfull \hbox (131.85567pt too wide) in paragraph at lines 647--647
[]                    \TU/lmtt/m/n/12 register_locks[i].lock_type = (register_l
ocks[i].lock_type & 0xFC) | timer;[] 
 []

[69]
Overfull \hbox (156.57556pt too wide) in paragraph at lines 647--647
[]            \TU/lmtt/m/n/12 register_locks[reg].lock_type = (pipe[2].op_type 
<< 2) | 0x03; //  \TU/FangSong(0)/m/n/12 设 置 类 型 和 初 始 计 时 器 \TU/lmtt/m/n/12 3[
] 
 []


Overfull \hbox (181.29555pt too wide) in paragraph at lines 647--647
[]                 \TU/lmtt/m/n/12 << " type: " << (int)(pipe[2].op_type) << " 
value: " << hex << pipe[2].result << endl;[] 
 []


Overfull \hbox (45.33571pt too wide) in paragraph at lines 647--647
[]        \TU/lmtt/m/n/12 decode_instruction(pipe[1].instr, opcode, funct, rs, 
rt, rd, shamt, imm);[] 
 []

[70]
Overfull \hbox (8.25566pt too wide) in paragraph at lines 647--647
[]                \TU/lmtt/m/n/12 cout << "DEBUG: RS conflict detected for reg 
" << dec << rs[] 
 []


Overfull \hbox (8.25566pt too wide) in paragraph at lines 647--647
[]                \TU/lmtt/m/n/12 cout << "DEBUG: RT conflict detected for reg 
" << dec << rt[] 
 []

[71] [72]
Overfull \hbox (26.79561pt too wide) in paragraph at lines 647--647
[]                                  \TU/lmtt/m/n/12 halted(false), branch_detec
ted_in_id(false),[] 
 []


Overfull \hbox (26.79562pt too wide) in paragraph at lines 647--647
[]                                  \TU/lmtt/m/n/12 branch_taken(false), is_bub
ble_cycle(false),[] 
 []


Overfull \hbox (76.23566pt too wide) in paragraph at lines 647--647
[]        \TU/lmtt/m/n/12 out << "pc: " << setw(8) << setfill('0') << hex << cu
rrent_display_pc << endl;[] 
 []


Overfull \hbox (14.43561pt too wide) in paragraph at lines 647--647
[]            \TU/lmtt/m/n/12 out << "instr: " << setw(8) << setfill('0') << he
x << 0 << endl;[] 
 []


Overfull \hbox (181.2956pt too wide) in paragraph at lines 647--647
[]                \TU/lmtt/m/n/12 out << "instr: " << setw(8) << setfill('0') <
< hex << instruction_memory[addr] << endl;[] 
 []

[73]
Overfull \hbox (39.15558pt too wide) in paragraph at lines 647--647
[]                \TU/lmtt/m/n/12 out << "instr: " << setw(8) << setfill('0') <
< hex << 0 << endl;[] 
 []


Overfull \hbox (206.01553pt too wide) in paragraph at lines 647--647
[]            \TU/lmtt/m/n/12 out << "regfile" << dec << i << ": " << setw(8) <
< setfill('0') << hex << registers[i] << endl;[] 
 []


Overfull \hbox (32.9757pt too wide) in paragraph at lines 647--647
[]            \TU/lmtt/m/n/12 cout << "DEBUG: Data conflict detected, stalling 
pipeline" << endl;[] 
 []

[74]
Overfull \hbox (70.05568pt too wide) in paragraph at lines 647--647
[]            \TU/lmtt/m/n/12 decode_instruction(pipe[1].instr, opcode, funct, 
rs, rt, rd, shamt, imm);[] 
 []


Overfull \hbox (76.23557pt too wide) in paragraph at lines 647--647
[]                 \TU/lmtt/m/n/12 << " Instr: " << pipe[1].instr << " Opcode: 
" << (int)opcode << endl;[] 
 []

[75]
Overfull \hbox (168.93553pt too wide) in paragraph at lines 647--647
[]                \TU/lmtt/m/n/12 cout << "DEBUG: Branch detected in ID, a=" <<
 a << " b=" << b << " offset=" << offset[] 
 []


Overfull \hbox (224.55551pt too wide) in paragraph at lines 647--647
[]                     \TU/lmtt/m/n/12 << " branch_pc=" << hex << pipe[1].pc <<
 " target=" << (pipe[1].pc + 4 + offset) << endl;[] 
 []


Overfull \hbox (32.97565pt too wide) in paragraph at lines 647--647
[]                \TU/lmtt/m/n/12 if ((opcode == 0x04 && a == b) || (opcode == 
0x05 && a != b)) {[] 
 []


Overfull \hbox (335.7955pt too wide) in paragraph at lines 647--647
[]                    \TU/lmtt/m/n/12 cout << "DEBUG: Branch taken! Will update
 actual_pc to " << hex << branch_target << " after bubble" << endl;[] 
 []


Overfull \hbox (70.05568pt too wide) in paragraph at lines 647--647
[]            \TU/lmtt/m/n/12 decode_instruction(pipe[2].instr, opcode, funct, 
rs, rt, rd, shamt, imm);[] 
 []


Overfull \hbox (82.4037pt too wide) in paragraph at lines 647--647
[]            \TU/lmtt/m/n/12 if (opcode == 0x08 || opcode == 0x09 || opcode ==
 0x23 || opcode == 0x2B ||[] 
 []

[76] [77]
Overfull \hbox (76.23566pt too wide) in paragraph at lines 647--647
[]                \TU/lmtt/m/n/12 decode_instruction(next_instr, opcode, funct,
 rs, rt, rd, shamt, imm);[] 
 []


Overfull \hbox (57.69562pt too wide) in paragraph at lines 647--647
[]                    \TU/lmtt/m/n/12 if ((opcode == 0x04 && a == b) || (opcode
 == 0x05 && a != b)) {[] 
 []

[78] [79]
Overfull \hbox (2.07553pt too wide) in paragraph at lines 647--647
[]    \TU/lmtt/m/n/12 cout << " \TU/FangSong(0)/m/n/12 精 确 流 水 线 \TU/lmtt/m/n/1
2 CPU \TU/FangSong(0)/m/n/12 模 拟 完 成 。 结 果 已 保 存 到  \TU/lmtt/m/n/12 " << output
_file << endl;[] 
 []

[80] (./实验一.aux)
 ***********
LaTeX2e <2023-11-01> patch level 1
L3 programming layer <2022/07/14>
 ***********
 ) 
Here is how much of TeX's memory you used:
 9472 strings out of 476720
 243110 string characters out of 5801444
 1942842 words of memory out of 5000000
 31332 multiletter control sequences out of 15000+600000
 564628 words of font info for 90 fonts, out of 8000000 for 9000
 36 hyphenation exceptions out of 8191
 93i,12n,97p,379b,857s stack positions out of 10000i,1000n,20000p,200000b,200000s

Output written on 实验一.pdf (81 pages).
